2026-01-21 00:31:22 - Login success: admin@hotelbooking.com | Role: admin | Redirect: /WBT/hotel_booking/admin/dashboard.php
2026-01-21 00:31:32 - Login success: admin@hotelbooking.com | Role: admin | Redirect: /WBT/hotel_booking/admin/dashboard.php
2026-01-21 00:40:17 - Login success: admin@hotelbooking.com | Role: admin | Redirect: /WBT/hotel_booking/admin/dashboard.php
2026-01-21 03:07:56 - Login success: admin@hotelbooking.com | Role: admin | Redirect: /WBT/hotel_booking/admin/dashboard.php
2026-01-21 03:13:25 - Login success: fix_test@example.com | Role: user | Redirect: /WBT/hotel_booking/index.php
2026-01-21 03:14:55 - Login success: real_test_ui@example.com | Role: user | Redirect: /WBT/hotel_booking/index.php
2026-01-21 03:55:31 - Login success: admin@hotelbooking.com | Role: admin | Redirect: /WBT/hotel_booking/admin/dashboard.php
2026-01-21 04:32:14 - Login success: testuser123@example.com | Role: user | Redirect: /WBT/hotel_booking/index.php
2026-01-21 04:40:15 - Login success: testuser123@example.com | Role: user | Redirect: /WBT/hotel_booking/index.php
2026-01-21 04:50:23 - Login success: testuser123@example.com | Role: user | Redirect: /WBT/hotel_booking/index.php
2026-01-21 04:51:12 - Login success: testuser123@example.com | Role: user | Redirect: /WBT/hotel_booking/index.php
2026-01-21 04:55:44 - Login success: admin@hotelbooking.com | Role: admin | Redirect: /WBT/hotel_booking/admin/dashboard.php
2026-01-21 05:05:33 - Login success: admin@hotelbooking.com | Role: admin | Redirect: /WBT/hotel_booking/admin/dashboard.php
2026-01-21 05:14:10 - Login success: admin@hotelbooking.com | Role: admin | Redirect: /WBT/hotel_booking/admin/dashboard.php
2026-01-21 05:35:16 - Login success: admin@hotelbooking.com | Role: admin | Redirect: /WBT/hotel_booking/admin/dashboard.php
2026-01-21 05:52:36 - Login success: admin@hotelbooking.com | Role: admin | Redirect: /WBT/hotel_booking/admin/dashboard.php
2026-01-21 06:29:40 - Login success: admin@hotelbooking.com | Role: admin | Redirect: /WBT/hotel_booking/admin/dashboard.php
2026-01-21 06:43:07 - Login success: admin@hotelbooking.com | Role: admin | Redirect: /WBT/hotel_booking/admin/dashboard.php
2026-01-21 18:40:29 - Login success: paytest_1768999229@example.com | Role: user | Redirect: /WBT/hotel_booking/index.php
2026-01-21 18:50:04 - Login success: admin@hotelbooking.com | Role: admin | Redirect: /WBT/hotel_booking/admin/dashboard.php
2026-01-21 19:07:00 - Login success: admin@hotelbooking.com | Role: admin | Redirect: /WBT/hotel_booking/admin/dashboard.php
2026-01-21 19:16:15 - Login success: browser_test_54321@example.com | Role: user | Redirect: /WBT/hotel_booking/index.php
2026-01-21 19:31:14 - Login success: testuser@example.com | Role: user | Redirect: /WBT/hotel_booking/index.php
2026-01-21 19:37:10 - Login success: test@user.com | Role: user | Redirect: /WBT/hotel_booking/index.php
2026-01-21 19:50:42 - Login success: new@user.com | Role: user | Redirect: /WBT/hotel_booking/index.php
2026-01-21 20:24:29 - Login success: demo@user.com | Role: user | Redirect: /WBT/hotel_booking/index.php
2026-01-21 20:30:14 - Login success: demo@user.com | Role: user | Redirect: /WBT/hotel_booking/index.php
2026-01-21 20:42:05 - Login success: demo@user.com | Role: user | Redirect: /WBT/hotel_booking/index.php
2026-01-21 22:24:57 - Login success: admin@hotelbooking.com | Role: admin | Redirect: /WBT/hotel_booking/admin/dashboard.php
2026-01-21 22:25:19 - Login success: admin@hotelbooking.com | Role: admin | Redirect: /WBT/hotel_booking/admin/dashboard.php
